This uses 1 MPI processors and 28 OMP threads:
iteration 1 max error 11.488971 
iteration 2 max error 7.133656 
Iterations took 61.206440 seconds
Final Part (writing) took 0.909380 seconds
\n
This uses 2 MPI processors and 28 OMP threads:
iteration 1 max error 11.488971 
iteration 2 max error 7.133656 
Iterations took 32.675607 seconds
Final Part (writing) took 0.863946 seconds
\n
This uses 3 MPI processors and 28 OMP threads:
iteration 1 max error 11.488971 
iteration 2 max error 7.133656 
Iterations took 22.752064 seconds
Final Part (writing) took 0.874573 seconds
\n
This uses 4 MPI processors and 28 OMP threads:
iteration 1 max error 11.488971 
iteration 2 max error 7.133656 
Iterations took 17.775398 seconds
Final Part (writing) took 0.836644 seconds
\n
This uses 5 MPI processors and 28 OMP threads:
iteration 1 max error 11.488971 
iteration 2 max error 7.133656 
Iterations took 15.143152 seconds
Final Part (writing) took 0.791451 seconds
\n
