This uses 1 MPI processors and 28 OMP threads:
--------------------------------------------------------------------------
mpirun was unable to launch the specified application as it could not access
or execute an executable:

Executable: ./pi_hybrid.exec
Node: midway2-0084

while attempting to start process rank 0.
--------------------------------------------------------------------------
\n
This uses 2 MPI processors and 28 OMP threads:
--------------------------------------------------------------------------
mpirun was unable to launch the specified application as it could not access
or execute an executable:

Executable: ./pi_hybrid.exec
Node: midway2-0084

while attempting to start process rank 0.
--------------------------------------------------------------------------
\n
This uses 3 MPI processors and 28 OMP threads:
--------------------------------------------------------------------------
mpirun was unable to launch the specified application as it could not access
or execute an executable:

Executable: ./pi_hybrid.exec
Node: midway2-0084

while attempting to start process rank 0.
--------------------------------------------------------------------------
\n
This uses 4 MPI processors and 28 OMP threads:
--------------------------------------------------------------------------
mpirun was unable to launch the specified application as it could not access
or execute an executable:

Executable: ./pi_hybrid.exec
Node: midway2-0084

while attempting to start process rank 0.
--------------------------------------------------------------------------
\n
This uses 5 MPI processors and 28 OMP threads:
--------------------------------------------------------------------------
mpirun was unable to launch the specified application as it could not access
or execute an executable:

Executable: ./pi_hybrid.exec
Node: midway2-0084

while attempting to start process rank 0.
--------------------------------------------------------------------------
\n
